L'utilisateur ADMIN a téléchargé le fichier 1422cd6d43b66e43a5b2b12c403b7af9.png dont le propriétaire est ADMIN C'est la 1 ème fois qu'il le télécharge
L'utilisateur ADMIN a téléchargé le fichier 30145c9118b119d4fae4b053c43f3f3c.png dont le propriétaire est ADMIN C'est la 1 ème fois qu'il le télécharge
L'utilisateur ADMIN a téléchargé le fichier ccf2aceae3a4badae7554b530a66e3fd.png dont le propriétaire est ADMIN C'est la 1 ème fois qu'il le télécharge
L'utilisateur ADMIN a téléchargé le fichier 1422cd6d43b66e43a5b2b12c403b7af9.png dont le propriétaire est ADMIN C'est la 2 ème fois qu'il le télécharge
L'utilisateur ADMIN a téléchargé le fichier ccf2aceae3a4badae7554b530a66e3fd.png dont le propriétaire est ADMIN C'est la 2 ème fois qu'il le télécharge
L'utilisateur ADMIN a téléchargé le fichier 30145c9118b119d4fae4b053c43f3f3c.png dont le propriétaire est ADMIN C'est la 2 ème fois qu'il le télécharge
L'utilisateur ADMIN a téléchargé le fichier 1422cd6d43b66e43a5b2b12c403b7af9.png dont le propriétaire est ADMIN C'est la 3 ème fois qu'il le télécharge
L'utilisateur ADMIN a téléchargé le fichier 77d356f5da87c1443a8dc743c3981dbd.png dont le propriétaire est bernadette.chauvet C'est la 1 ème fois qu'il le télécharge
L'utilisateur ADMIN a téléchargé le fichier 77d356f5da87c1443a8dc743c3981dbd.png dont le propriétaire est bernadette.chauvet C'est la 2 ème fois qu'il le télécharge
L'utilisateur ADMIN a téléchargé le fichier 37a78b8ee6cf6fd511301307cd565fb6.png dont le propriétaire est dasilva.aurelie C'est la 1 ème fois qu'il le télécharge
L'utilisateur ADMIN a téléchargé le fichier fed1156c45945c993b347aaa81612b23.png dont le propriétaire est usauvage C'est la 1 ème fois qu'il le télécharge
L'utilisateur ADMIN a téléchargé le fichier 658dfb40cfd7fc86bacb42f6a5391468.png dont le propriétaire est danielle.denis C'est la 1 ème fois qu'il le télécharge
L'utilisateur ADMIN a téléchargé le fichier 1422cd6d43b66e43a5b2b12c403b7af9.png dont le propriétaire est ADMIN C'est la 4 ème fois qu'il le télécharge
L'utilisateur ADMIN a téléchargé le fichier exercitationem dont le propriétaire est noel.vincent C'est la 1 ème fois qu'il le télécharge
L'utilisateur ADMIN a téléchargé le fichier f16dc9a3acf966967fd7c1af1aff0f3b.png dont le propriétaire est sebastien83 C'est la 1 ème fois qu'il le télécharge
L'utilisateur ADMIN a téléchargé le fichier 684ab6288b5d7418e015e85868503e4f.png dont le propriétaire est michele.rodrigues C'est la 1 ème fois qu'il le télécharge
L'utilisateur ADMIN a téléchargé le fichier 1e1da3d352decae08acd8bc7ffe7b032.png dont le propriétaire est aurelie74 C'est la 1 ème fois qu'il le télécharge
L'utilisateur ADMIN a téléchargé le fichier 1c6c80defe0642017356106b0a97be4c.png dont le propriétaire est usauvage C'est la 1 ème fois qu'il le télécharge
L'utilisateur ADMIN a téléchargé le fichier e21a2d1450a2f32b0e0a4bd44d600564.png dont le propriétaire est lgallet C'est la 1 ème fois qu'il le télécharge
L'utilisateur ADMIN a téléchargé le fichier 20c31dd33f969580924b1fd8abdbfe4b.png dont le propriétaire est dasilva.aurelie C'est la 1 ème fois qu'il le télécharge
L'utilisateur ADMIN a téléchargé le fichier c0cf842362407fcaffb591293be220dc.png dont le propriétaire est tristan44 C'est la 1 ème fois qu'il le télécharge
L'utilisateur ADMIN a téléchargé le fichier ccf2aceae3a4badae7554b530a66e3fd.png dont le propriétaire est ADMIN C'est la 3 ème fois qu'il le télécharge
L'utilisateur ADMIN a téléchargé le fichier 30145c9118b119d4fae4b053c43f3f3c.png dont le propriétaire est ADMIN C'est la 3 ème fois qu'il le télécharge
L'utilisateur ADMIN a téléchargé le fichier 1422cd6d43b66e43a5b2b12c403b7af9.png dont le propriétaire est ADMIN C'est la 5 ème fois qu'il le télécharge
L'utilisateur ADMIN a téléchargé le fichier 48ac110915f1b60d9f0cf81fc340b190.png dont le propriétaire est ADMIN C'est la 1 ème fois qu'il le télécharge
L'utilisateur ADMIN a téléchargé le fichier a4bfebaf846e71f1b382fae144cbc368.png dont le propriétaire est ADMIN C'est la 1 ème fois qu'il le télécharge
L'utilisateur ADMIN a téléchargé le fichier f6b94f7e64a1c9d191232a598e5a56a3.png dont le propriétaire est ADMIN C'est la 1 ème fois qu'il le télécharge
L'utilisateur ADMIN2 a téléchargé le fichier 2d8077056f570f709048085a3af94c1d.png dont le propriétaire est ADMIN2 C'est la 1 fois qu'il le télécharge
L'utilisateur ADMIN2 a téléchargé le fichier 2d8077056f570f709048085a3af94c1d.png dont le propriétaire est ADMIN2 C'est la 2 fois qu'il le télécharge
L'utilisateur ADMIN2 a téléchargé le fichier 2d8077056f570f709048085a3af94c1d.png dont le propriétaire est ADMIN2 C'est la 3 fois qu'il le télécharge
L'utilisateur ADMIN2 a téléchargé le fichier 2d8077056f570f709048085a3af94c1d.png dont le propriétaire est ADMIN2 C'est la 4 fois qu'il le télécharge
L'utilisateur ADMIN a téléchargé le fichier b713c6d39858e8590cea9ed8566c7ab3.png dont le propriétaire est ADMIN C'est la 1 fois qu'il le télécharge
L'utilisateur ADMIN a téléchargé le fichier 2d8077056f570f709048085a3af94c1d.png dont le propriétaire est ADMIN2 C'est la 1 fois qu'il le télécharge
L'utilisateur ADMIN a téléchargé le fichier 2d8077056f570f709048085a3af94c1d.png dont le propriétaire est ADMIN2 C'est la 2 fois qu'il le télécharge
L'utilisateur ADMIN a téléchargé le fichier f170fc5608d7b3d81d2c9d8834a19565.png dont le propriétaire est ADMIN C'est la 1 fois qu'il le télécharge
L'utilisateur ADMIN a téléchargé le fichier b713c6d39858e8590cea9ed8566c7ab3.png dont le propriétaire est ADMIN C'est la 2 fois qu'il le télécharge
L'utilisateur ADMIN a téléchargé le fichier b713c6d39858e8590cea9ed8566c7ab3.png dont le propriétaire est ADMIN C'est la 3 fois qu'il le télécharge
L'utilisateur ADMIN a téléchargé le fichier 4053965ec44a789740d4f720bb69c2ff.png dont le propriétaire est ADMIN2 C'est la 1 fois qu'il le télécharge
L'utilisateur ADMIN a téléchargé le fichier 4053965ec44a789740d4f720bb69c2ff.png dont le propriétaire est ADMIN2 C'est la 2 fois qu'il le télécharge
L'utilisateur ADMIN a téléchargé le fichier b713c6d39858e8590cea9ed8566c7ab3.png dont le propriétaire est ADMIN C'est la 4 fois qu'il le télécharge
L'utilisateur ADMIN2 a téléchargé le fichier 4053965ec44a789740d4f720bb69c2ff.png dont le propriétaire est ADMIN2 C'est la 1 fois qu'il le télécharge
L'utilisateur ADMIN2 a téléchargé le fichier 4053965ec44a789740d4f720bb69c2ff.png dont le propriétaire est ADMIN2 C'est la 2 fois qu'il le télécharge
L'utilisateur ADMIN a téléchargé le fichier b713c6d39858e8590cea9ed8566c7ab3.png dont le propriétaire est ADMIN C'est la 5 fois qu'il le télécharge
L'utilisateur ADMIN2 a téléchargé le fichier fd6e3cf5824f5ccec7a829ce3fbce315.png dont le propriétaire est ADMIN2 C'est la 1 fois qu'il le télécharge
L'utilisateur ADMIN a téléchargé le fichier 65884926b2dcf5fa22e4b13f065c6a45.png dont le propriétaire est ADMIN C'est la 1 fois qu'il le télécharge
L'utilisateur ADMIN a téléchargé le fichier 39dcbbf4b2aef7bbd80b879a37e0dded.png dont le propriétaire est USER C'est la 1 fois qu'il le télécharge
L'utilisateur ADMIN a téléchargé le fichier 39dcbbf4b2aef7bbd80b879a37e0dded.png dont le propriétaire est USER C'est la 2 fois qu'il le télécharge
L'utilisateur ADMIN a téléchargé le fichier 39dcbbf4b2aef7bbd80b879a37e0dded.png dont le propriétaire est USER C'est la 3 fois qu'il le télécharge
L'utilisateur ADMIN a téléchargé le fichier 7ac3261da1c988b2e39976efde5d10e3.png dont le propriétaire est ADMIN C'est la 1 fois qu'il le télécharge
